2020-06-01 23:11:48 [restartedMain] INFO  com.ruoyi.RuoYiApplication - Starting RuoYiApplication on XTZ-20200226VIO with PID 251860 (E:\Rhizomyidae\RuoYi-Vue-Plus\ruoyi\target\classes started by Administrator in E:\Rhizomyidae\RuoYi-Vue-Plus\ruoyi)
2020-06-01 23:11:48 [restartedMain] INFO  com.ruoyi.RuoYiApplication - The following profiles are active: dev
2020-06-01 23:11:50 [restartedMain] INFO  io.undertow.servlet - Initializing Spring embedded WebApplicationContext
2020-06-01 23:11:51 [restartedMain] INFO  c.alibaba.druid.pool.DruidDataSource - {dataSource-1} inited
2020-06-01 23:11:51 [restartedMain] INFO  c.alibaba.druid.pool.DruidDataSource - {dataSource-1} closed
2020-06-01 23:12:24 [restartedMain] INFO  com.ruoyi.RuoYiApplication - Starting RuoYiApplication on XTZ-20200226VIO with PID 252904 (E:\Rhizomyidae\RuoYi-Vue-Plus\ruoyi\target\classes started by Administrator in E:\Rhizomyidae\RuoYi-Vue-Plus\ruoyi)
2020-06-01 23:12:24 [restartedMain] INFO  com.ruoyi.RuoYiApplication - The following profiles are active: dev
2020-06-01 23:12:26 [restartedMain] INFO  io.undertow.servlet - Initializing Spring embedded WebApplicationContext
2020-06-01 23:12:31 [restartedMain] INFO  c.alibaba.druid.pool.DruidDataSource - {dataSource-1} inited
2020-06-01 23:12:31 [restartedMain] INFO  io.lettuce.core.EpollProvider - Starting without optional epoll library
2020-06-01 23:12:31 [restartedMain] INFO  io.lettuce.core.KqueueProvider - Starting without optional kqueue library
2020-06-01 23:12:41 [restartedMain] INFO  c.alibaba.druid.pool.DruidDataSource - {dataSource-1} closed
2020-06-01 23:12:49 [restartedMain] INFO  com.ruoyi.RuoYiApplication - Starting RuoYiApplication on XTZ-20200226VIO with PID 252804 (E:\Rhizomyidae\RuoYi-Vue-Plus\ruoyi\target\classes started by Administrator in E:\Rhizomyidae\RuoYi-Vue-Plus\ruoyi)
2020-06-01 23:12:49 [restartedMain] INFO  com.ruoyi.RuoYiApplication - The following profiles are active: dev
2020-06-01 23:12:50 [restartedMain] INFO  io.undertow.servlet - Initializing Spring embedded WebApplicationContext
2020-06-01 23:12:55 [restartedMain] INFO  c.alibaba.druid.pool.DruidDataSource - {dataSource-1} inited
2020-06-01 23:12:55 [restartedMain] INFO  io.lettuce.core.EpollProvider - Starting without optional epoll library
2020-06-01 23:12:55 [restartedMain] INFO  io.lettuce.core.KqueueProvider - Starting without optional kqueue library
2020-06-01 23:12:55 [restartedMain] INFO  c.alibaba.druid.pool.DruidDataSource - {dataSource-1} closed
2020-06-01 23:13:54 [restartedMain] INFO  com.ruoyi.RuoYiApplication - Starting RuoYiApplication on XTZ-20200226VIO with PID 251784 (E:\Rhizomyidae\RuoYi-Vue-Plus\ruoyi\target\classes started by Administrator in E:\Rhizomyidae\RuoYi-Vue-Plus\ruoyi)
2020-06-01 23:13:54 [restartedMain] INFO  com.ruoyi.RuoYiApplication - The following profiles are active: dev
2020-06-01 23:13:56 [restartedMain] INFO  io.undertow.servlet - Initializing Spring embedded WebApplicationContext
2020-06-01 23:14:00 [restartedMain] INFO  c.alibaba.druid.pool.DruidDataSource - {dataSource-1} inited
2020-06-01 23:14:00 [restartedMain] INFO  io.lettuce.core.EpollProvider - Starting without optional epoll library
2020-06-01 23:14:00 [restartedMain] INFO  io.lettuce.core.KqueueProvider - Starting without optional kqueue library
2020-06-01 23:14:00 [restartedMain] INFO  c.alibaba.druid.pool.DruidDataSource - {dataSource-1} closed
2020-06-01 23:14:33 [restartedMain] INFO  com.ruoyi.RuoYiApplication - Starting RuoYiApplication on XTZ-20200226VIO with PID 247000 (E:\Rhizomyidae\RuoYi-Vue-Plus\ruoyi\target\classes started by Administrator in E:\Rhizomyidae\RuoYi-Vue-Plus\ruoyi)
2020-06-01 23:14:33 [restartedMain] INFO  com.ruoyi.RuoYiApplication - The following profiles are active: dev
2020-06-01 23:14:34 [restartedMain] INFO  io.undertow.servlet - Initializing Spring embedded WebApplicationContext
2020-06-01 23:14:39 [restartedMain] INFO  c.alibaba.druid.pool.DruidDataSource - {dataSource-1} inited
2020-06-01 23:14:39 [restartedMain] INFO  io.lettuce.core.EpollProvider - Starting without optional epoll library
2020-06-01 23:14:39 [restartedMain] INFO  io.lettuce.core.KqueueProvider - Starting without optional kqueue library
2020-06-01 23:14:39 [restartedMain] INFO  org.quartz.impl.StdSchedulerFactory - Using default implementation for ThreadExecutor
2020-06-01 23:14:39 [restartedMain] INFO  o.quartz.core.SchedulerSignalerImpl - Initialized Scheduler Signaller of type: class org.quartz.core.SchedulerSignalerImpl
2020-06-01 23:14:39 [restartedMain] INFO  org.quartz.core.QuartzScheduler - Quartz Scheduler v.2.3.0 created.
2020-06-01 23:14:39 [restartedMain] INFO  org.quartz.core.QuartzScheduler - Scheduler meta-data: Quartz Scheduler (v2.3.0) 'RuoyiScheduler' with instanceId 'XTZ-20200226VIO1591024479928'
  Scheduler class: 'org.quartz.core.QuartzScheduler' - running locally.
  NOT STARTED.
  Currently in standby mode.
  Number of jobs executed: 0
  Using thread pool 'org.quartz.simpl.SimpleThreadPool' - with 20 threads.
  Using job-store 'org.springframework.scheduling.quartz.LocalDataSourceJobStore' - which supports persistence. and is clustered.

2020-06-01 23:14:39 [restartedMain] INFO  org.quartz.impl.StdSchedulerFactory - Quartz scheduler 'RuoyiScheduler' initialized from an externally provided properties instance.
2020-06-01 23:14:39 [restartedMain] INFO  org.quartz.impl.StdSchedulerFactory - Quartz scheduler version: 2.3.0
2020-06-01 23:14:39 [restartedMain] INFO  org.quartz.core.QuartzScheduler - JobFactory set to: org.springframework.scheduling.quartz.AdaptableJobFactory@275e204f
2020-06-01 23:14:45 [restartedMain] INFO  s.d.s.w.PropertySourcedRequestMappingHandlerMapping - Mapped URL path [/v2/api-docs] onto method [public org.springframework.http.ResponseEntity<springfox.documentation.spring.web.json.Json> springfox.documentation.swagger2.web.Swagger2Controller.getDocumentation(java.lang.String,javax.servlet.http.HttpServletRequest)]
2020-06-01 23:14:45 [restartedMain] INFO  s.d.s.w.p.DocumentationPluginsBootstrapper - Context refreshed
2020-06-01 23:14:45 [restartedMain] INFO  s.d.s.w.p.DocumentationPluginsBootstrapper - Found 1 custom documentation plugin(s)
2020-06-01 23:14:45 [restartedMain] INFO  s.d.s.w.s.ApiListingReferenceScanner - Scanning for api listing references
2020-06-01 23:14:46 [restartedMain] INFO  org.xnio - XNIO version 3.3.8.Final
2020-06-01 23:14:46 [restartedMain] INFO  org.xnio.nio - XNIO NIO Implementation Version 3.3.8.Final
2020-06-01 23:14:46 [restartedMain] INFO  com.ruoyi.RuoYiApplication - Started RuoYiApplication in 13.074 seconds (JVM running for 13.849)
2020-06-01 23:14:47 [Quartz Scheduler [RuoyiScheduler]] INFO  org.quartz.core.QuartzScheduler - Scheduler RuoyiScheduler_$_XTZ-20200226VIO1591024479928 started.
2020-06-01 23:15:06 [Thread-34] INFO  org.quartz.core.QuartzScheduler - Scheduler RuoyiScheduler_$_XTZ-20200226VIO1591024479928 paused.
2020-06-01 23:15:06 [Thread-34] INFO  org.quartz.core.QuartzScheduler - Scheduler RuoyiScheduler_$_XTZ-20200226VIO1591024479928 shutting down.
2020-06-01 23:15:06 [Thread-34] INFO  org.quartz.core.QuartzScheduler - Scheduler RuoyiScheduler_$_XTZ-20200226VIO1591024479928 paused.
2020-06-01 23:15:06 [Thread-34] INFO  org.quartz.core.QuartzScheduler - Scheduler RuoyiScheduler_$_XTZ-20200226VIO1591024479928 shutdown complete.
2020-06-01 23:15:06 [Thread-34] INFO  sys-user - ====关闭后台任务任务线程池====
2020-06-01 23:15:06 [Thread-34] INFO  c.alibaba.druid.pool.DruidDataSource - {dataSource-1} closed
2020-06-01 23:15:10 [restartedMain] INFO  com.ruoyi.RuoYiApplication - Starting RuoYiApplication on XTZ-20200226VIO with PID 251640 (E:\Rhizomyidae\RuoYi-Vue-Plus\ruoyi\target\classes started by Administrator in E:\Rhizomyidae\RuoYi-Vue-Plus\ruoyi)
2020-06-01 23:15:11 [restartedMain] INFO  com.ruoyi.RuoYiApplication - The following profiles are active: cjpc
2020-06-01 23:15:12 [restartedMain] INFO  io.undertow.servlet - Initializing Spring embedded WebApplicationContext
2020-06-01 23:15:32 [restartedMain] INFO  com.ruoyi.RuoYiApplication - Starting RuoYiApplication on XTZ-20200226VIO with PID 253116 (E:\Rhizomyidae\RuoYi-Vue-Plus\ruoyi\target\classes started by Administrator in E:\Rhizomyidae\RuoYi-Vue-Plus\ruoyi)
2020-06-01 23:15:32 [restartedMain] INFO  com.ruoyi.RuoYiApplication - The following profiles are active: cjpc
2020-06-01 23:15:34 [restartedMain] INFO  io.undertow.servlet - Initializing Spring embedded WebApplicationContext
2020-06-01 23:16:07 [restartedMain] INFO  com.ruoyi.RuoYiApplication - Starting RuoYiApplication on XTZ-20200226VIO with PID 252932 (E:\Rhizomyidae\RuoYi-Vue-Plus\ruoyi\target\classes started by Administrator in E:\Rhizomyidae\RuoYi-Vue-Plus\ruoyi)
2020-06-01 23:16:07 [restartedMain] INFO  com.ruoyi.RuoYiApplication - The following profiles are active: local
2020-06-01 23:16:09 [restartedMain] INFO  io.undertow.servlet - Initializing Spring embedded WebApplicationContext
2020-06-01 23:16:13 [restartedMain] INFO  c.alibaba.druid.pool.DruidDataSource - {dataSource-1} inited
2020-06-01 23:16:13 [restartedMain] INFO  io.lettuce.core.EpollProvider - Starting without optional epoll library
2020-06-01 23:16:13 [restartedMain] INFO  io.lettuce.core.KqueueProvider - Starting without optional kqueue library
2020-06-01 23:16:14 [restartedMain] INFO  org.quartz.impl.StdSchedulerFactory - Using default implementation for ThreadExecutor
2020-06-01 23:16:14 [restartedMain] INFO  o.quartz.core.SchedulerSignalerImpl - Initialized Scheduler Signaller of type: class org.quartz.core.SchedulerSignalerImpl
2020-06-01 23:16:14 [restartedMain] INFO  org.quartz.core.QuartzScheduler - Quartz Scheduler v.2.3.0 created.
2020-06-01 23:16:14 [restartedMain] INFO  org.quartz.core.QuartzScheduler - Scheduler meta-data: Quartz Scheduler (v2.3.0) 'RuoyiScheduler' with instanceId 'XTZ-20200226VIO1591024574363'
  Scheduler class: 'org.quartz.core.QuartzScheduler' - running locally.
  NOT STARTED.
  Currently in standby mode.
  Number of jobs executed: 0
  Using thread pool 'org.quartz.simpl.SimpleThreadPool' - with 20 threads.
  Using job-store 'org.springframework.scheduling.quartz.LocalDataSourceJobStore' - which supports persistence. and is clustered.

2020-06-01 23:16:14 [restartedMain] INFO  org.quartz.impl.StdSchedulerFactory - Quartz scheduler 'RuoyiScheduler' initialized from an externally provided properties instance.
2020-06-01 23:16:14 [restartedMain] INFO  org.quartz.impl.StdSchedulerFactory - Quartz scheduler version: 2.3.0
2020-06-01 23:16:14 [restartedMain] INFO  org.quartz.core.QuartzScheduler - JobFactory set to: org.springframework.scheduling.quartz.AdaptableJobFactory@1c6da4a4
2020-06-01 23:16:19 [restartedMain] INFO  s.d.s.w.PropertySourcedRequestMappingHandlerMapping - Mapped URL path [/v2/api-docs] onto method [public org.springframework.http.ResponseEntity<springfox.documentation.spring.web.json.Json> springfox.documentation.swagger2.web.Swagger2Controller.getDocumentation(java.lang.String,javax.servlet.http.HttpServletRequest)]
2020-06-01 23:16:19 [restartedMain] INFO  s.d.s.w.p.DocumentationPluginsBootstrapper - Context refreshed
2020-06-01 23:16:19 [restartedMain] INFO  s.d.s.w.p.DocumentationPluginsBootstrapper - Found 1 custom documentation plugin(s)
2020-06-01 23:16:20 [restartedMain] INFO  s.d.s.w.s.ApiListingReferenceScanner - Scanning for api listing references
2020-06-01 23:16:20 [restartedMain] INFO  org.xnio - XNIO version 3.3.8.Final
2020-06-01 23:16:20 [restartedMain] INFO  org.xnio.nio - XNIO NIO Implementation Version 3.3.8.Final
2020-06-01 23:16:20 [restartedMain] INFO  com.ruoyi.RuoYiApplication - Started RuoYiApplication in 12.913 seconds (JVM running for 13.69)
2020-06-01 23:16:21 [Quartz Scheduler [RuoyiScheduler]] INFO  org.quartz.core.QuartzScheduler - Scheduler RuoyiScheduler_$_XTZ-20200226VIO1591024574363 started.
2020-06-01 23:18:51 [Thread-34] INFO  org.quartz.core.QuartzScheduler - Scheduler RuoyiScheduler_$_XTZ-20200226VIO1591024574363 paused.
2020-06-01 23:18:51 [Thread-34] INFO  org.quartz.core.QuartzScheduler - Scheduler RuoyiScheduler_$_XTZ-20200226VIO1591024574363 shutting down.
2020-06-01 23:18:51 [Thread-34] INFO  org.quartz.core.QuartzScheduler - Scheduler RuoyiScheduler_$_XTZ-20200226VIO1591024574363 paused.
2020-06-01 23:18:51 [Thread-34] INFO  org.quartz.core.QuartzScheduler - Scheduler RuoyiScheduler_$_XTZ-20200226VIO1591024574363 shutdown complete.
2020-06-01 23:18:51 [Thread-34] INFO  sys-user - ====关闭后台任务任务线程池====
2020-06-01 23:18:51 [Thread-34] INFO  c.alibaba.druid.pool.DruidDataSource - {dataSource-1} closed
